<?xml version="1.0" encoding="UTF-8"?>
<!-- Generated by org.testng.reporters.JUnitReportReporter -->
<testsuite hostname="DESKTOP-41IQ6J2" failures="0" tests="4" name="testrunners.AdminLoginTest" time="50.012" errors="0" timestamp="17 Dec 2023 18:21:40 GMT" skipped="0">
  <testcase classname="testrunners.AdminLoginTest" name="runScenario" time="11.558"/>
  <testcase classname="testrunners.AdminLoginTest" name="runScenario" time="19.845"/>
  <testcase classname="testrunners.AdminLoginTest" name="runScenario" time="9.280"/>
  <testcase classname="testrunners.AdminLoginTest" name="runScenario" time="9.329"/>
</testsuite> <!-- testrunners.AdminLoginTest -->
