<?xml version="1.0" encoding="UTF-8"?>
<!-- Generated by org.testng.reporters.JUnitReportReporter -->
<testsuite hostname="DESKTOP-41IQ6J2" failures="0" tests="1" name="orangehrm.testcases.OrangeHRM_HybridTest" time="16.286" errors="0" timestamp="26 Nov 2023 14:40:11 GMT" skipped="0">
  <testcase classname="orangehrm.testcases.OrangeHRM_HybridTest" name="checkOrangeHRM" time="16.286"/>
</testsuite> <!-- orangehrm.testcases.OrangeHRM_HybridTest -->
