<?xml version="1.0" encoding="UTF-8"?>
<!-- Generated by org.testng.reporters.JUnitReportReporter -->
<testsuite hostname="DESKTOP-41IQ6J2" failures="0" tests="1" name="orangehrm.testcases.AdminLoginTestwithValidInputs" time="7.544" errors="0" timestamp="30 Oct 2023 11:46:15 GMT" skipped="0">
  <testcase classname="orangehrm.testcases.AdminLoginTestwithValidInputs" name="checkAdminLogin" time="7.544"/>
</testsuite> <!-- orangehrm.testcases.AdminLoginTestwithValidInputs -->
