<?xml version="1.0" encoding="UTF-8"?>
<!-- Generated by org.testng.reporters.JUnitReportReporter -->
<testsuite hostname="DESKTOP-41IQ6J2" failures="0" tests="1" name="orangehrm.testcases.AdminLoginTestwithInvalidInputs" time="0.703" errors="0" timestamp="30 Oct 2023 11:46:15 GMT" skipped="0">
  <testcase classname="orangehrm.testcases.AdminLoginTestwithInvalidInputs" name="checkadminLogin" time="0.703"/>
</testsuite> <!-- orangehrm.testcases.AdminLoginTestwithInvalidInputs -->
