<?xml version="1.0" encoding="UTF-8"?>
<!-- Generated by org.testng.reporters.JUnitReportReporter -->
<testsuite hostname="DESKTOP-41IQ6J2" failures="0" tests="1" name="orangehrm.testcases.AdminLoginTestwithInvalidData" time="8.512" errors="0" timestamp="10 Nov 2023 07:08:15 GMT" skipped="0">
  <testcase classname="orangehrm.testcases.AdminLoginTestwithInvalidData" name="checkAdminLogin" time="8.512"/>
</testsuite> <!-- orangehrm.testcases.AdminLoginTestwithInvalidData -->
