<?xml version="1.0" encoding="UTF-8"?>
<!-- Generated by org.testng.reporters.JUnitReportReporter -->
<testsuite hostname="DESKTOP-41IQ6J2" failures="0" tests="1" name="orangehrm.testcases.AdminLoginTestwithValidInputs" time="6.146" errors="0" timestamp="10 Nov 2023 07:05:06 GMT" skipped="0">
  <testcase classname="orangehrm.testcases.AdminLoginTestwithValidInputs" name="checkAdminLogin" time="6.146"/>
</testsuite> <!-- orangehrm.testcases.AdminLoginTestwithValidInputs -->
